<?xml version="1.0" encoding="UTF-8"?>
<testsuite xmlns:xsi="http://www.w3.org/2001/XMLSchema-instance" xsi:noNamespaceSchemaLocation="https://maven.apache.org/surefire/maven-surefire-plugin/xsd/surefire-test-report.xsd" name="com.xupt.AppTest" time="0.125" tests="1" errors="0" skipped="0" failures="0">
  <properties>
    <property name="sun.desktop" value="windows"/>
    <property name="awt.toolkit" value="sun.awt.windows.WToolkit"/>
    <property name="file.encoding.pkg" value="sun.io"/>
    <property name="java.specification.version" value="1.8"/>
    <property name="sun.cpu.isalist" value="amd64"/>
    <property name="sun.jnu.encoding" value="GBK"/>
    <property name="java.class.path" value="G:\Java\Java_code\12：SSM\ssm_parent\xupt_service\target\test-classes;G:\Java\Java_code\12：SSM\ssm_parent\xupt_service\target\classes;D:\Java\Maven\Maven-localrepository\junit\junit\4.11\junit-4.11.jar;D:\Java\Maven\Maven-localrepository\org\hamcrest\hamcrest-core\1.3\hamcrest-core-1.3.jar;G:\Java\Java_code\12：SSM\ssm_parent\xupt_dao\target\xupt_dao-1.0-SNAPSHOT.jar;D:\Java\Maven\Maven-localrepository\org\mybatis\mybatis\3.4.1\mybatis-3.4.1.jar;G:\Java\Java_code\12：SSM\ssm_parent\xupt_model\target\xupt_model-1.0-SNAPSHOT.jar;D:\Java\Maven\Maven-localrepository\org\springframework\spring-beans\4.3.14.RELEASE\spring-beans-4.3.14.RELEASE.jar;D:\Java\Maven\Maven-localrepository\org\springframework\spring-core\4.3.14.RELEASE\spring-core-4.3.14.RELEASE.jar;D:\Java\Maven\Maven-localrepository\commons-logging\commons-logging\1.2\commons-logging-1.2.jar;D:\Java\Maven\Maven-localrepository\org\springframework\spring-context\4.3.14.RELEASE\spring-context-4.3.14.RELEASE.jar;D:\Java\Maven\Maven-localrepository\org\springframework\spring-aop\4.3.14.RELEASE\spring-aop-4.3.14.RELEASE.jar;D:\Java\Maven\Maven-localrepository\org\springframework\spring-expression\4.3.14.RELEASE\spring-expression-4.3.14.RELEASE.jar;D:\Java\Maven\Maven-localrepository\org\springframework\spring-tx\4.3.14.RELEASE\spring-tx-4.3.14.RELEASE.jar;"/>
    <property name="java.vm.vendor" value="Oracle Corporation"/>
    <property name="sun.arch.data.model" value="64"/>
    <property name="user.variant" value=""/>
    <property name="java.vendor.url" value="http://java.oracle.com/"/>
    <property name="user.timezone" value="Asia/Shanghai"/>
    <property name="java.vm.specification.version" value="1.8"/>
    <property name="os.name" value="Windows 10"/>
    <property name="user.country" value="CN"/>
    <property name="sun.java.launcher" value="SUN_STANDARD"/>
    <property name="sun.boot.library.path" value="C:\Program Files\Java\jdk1.8.0_171\jre\bin"/>
    <property name="sun.java.command" value="C:\Users\a&apos;su&apos;s\AppData\Local\Temp\surefire6253413128801999761\surefirebooter6738518572546105815.jar C:\Users\a&apos;su&apos;s\AppData\Local\Temp\surefire6253413128801999761 2019-01-26T22-46-56_809-jvmRun1 surefire2178291748110160836tmp surefire_2569488344486217991tmp"/>
    <property name="surefire.test.class.path" value="G:\Java\Java_code\12：SSM\ssm_parent\xupt_service\target\test-classes;G:\Java\Java_code\12：SSM\ssm_parent\xupt_service\target\classes;D:\Java\Maven\Maven-localrepository\junit\junit\4.11\junit-4.11.jar;D:\Java\Maven\Maven-localrepository\org\hamcrest\hamcrest-core\1.3\hamcrest-core-1.3.jar;G:\Java\Java_code\12：SSM\ssm_parent\xupt_dao\target\xupt_dao-1.0-SNAPSHOT.jar;D:\Java\Maven\Maven-localrepository\org\mybatis\mybatis\3.4.1\mybatis-3.4.1.jar;G:\Java\Java_code\12：SSM\ssm_parent\xupt_model\target\xupt_model-1.0-SNAPSHOT.jar;D:\Java\Maven\Maven-localrepository\org\springframework\spring-beans\4.3.14.RELEASE\spring-beans-4.3.14.RELEASE.jar;D:\Java\Maven\Maven-localrepository\org\springframework\spring-core\4.3.14.RELEASE\spring-core-4.3.14.RELEASE.jar;D:\Java\Maven\Maven-localrepository\commons-logging\commons-logging\1.2\commons-logging-1.2.jar;D:\Java\Maven\Maven-localrepository\org\springframework\spring-context\4.3.14.RELEASE\spring-context-4.3.14.RELEASE.jar;D:\Java\Maven\Maven-localrepository\org\springframework\spring-aop\4.3.14.RELEASE\spring-aop-4.3.14.RELEASE.jar;D:\Java\Maven\Maven-localrepository\org\springframework\spring-expression\4.3.14.RELEASE\spring-expression-4.3.14.RELEASE.jar;D:\Java\Maven\Maven-localrepository\org\springframework\spring-tx\4.3.14.RELEASE\spring-tx-4.3.14.RELEASE.jar;"/>
    <property name="sun.cpu.endian" value="little"/>
    <property name="user.home" value="C:\Users\a&apos;su&apos;s"/>
    <property name="user.language" value="zh"/>
    <property name="java.specification.vendor" value="Oracle Corporation"/>
    <property name="java.home" value="C:\Program Files\Java\jdk1.8.0_171\jre"/>
    <property name="basedir" value="G:\Java\Java_code\12：SSM\ssm_parent\xupt_service"/>
    <property name="file.separator" value="\"/>
    <property name="line.separator" value="&#10;"/>
    <property name="java.vm.specification.vendor" value="Oracle Corporation"/>
    <property name="java.specification.name" value="Java Platform API Specification"/>
    <property name="java.awt.graphicsenv" value="sun.awt.Win32GraphicsEnvironment"/>
    <property name="surefire.real.class.path" value="C:\Users\a&apos;su&apos;s\AppData\Local\Temp\surefire6253413128801999761\surefirebooter6738518572546105815.jar"/>
    <property name="sun.boot.class.path" value="C:\Program Files\Java\jdk1.8.0_171\jre\lib\resources.jar;C:\Program Files\Java\jdk1.8.0_171\jre\lib\rt.jar;C:\Program Files\Java\jdk1.8.0_171\jre\lib\sunrsasign.jar;C:\Program Files\Java\jdk1.8.0_171\jre\lib\jsse.jar;C:\Program Files\Java\jdk1.8.0_171\jre\lib\jce.jar;C:\Program Files\Java\jdk1.8.0_171\jre\lib\charsets.jar;C:\Program Files\Java\jdk1.8.0_171\jre\lib\jfr.jar;C:\Program Files\Java\jdk1.8.0_171\jre\classes"/>
    <property name="user.script" value=""/>
    <property name="sun.management.compiler" value="HotSpot 64-Bit Tiered Compilers"/>
    <property name="java.runtime.version" value="1.8.0_171-b11"/>
    <property name="user.name" value="likang"/>
    <property name="path.separator" value=";"/>
    <property name="os.version" value="10.0"/>
    <property name="java.endorsed.dirs" value="C:\Program Files\Java\jdk1.8.0_171\jre\lib\endorsed"/>
    <property name="java.runtime.name" value="Java(TM) SE Runtime Environment"/>
    <property name="file.encoding" value="GBK"/>
    <property name="java.vm.name" value="Java HotSpot(TM) 64-Bit Server VM"/>
    <property name="localRepository" value="D:\Java\Maven\Maven-localrepository"/>
    <property name="java.vendor.url.bug" value="http://bugreport.sun.com/bugreport/"/>
    <property name="java.io.tmpdir" value="C:\Users\a&apos;su&apos;s\AppData\Local\Temp\"/>
    <property name="idea.version" value="2018.1"/>
    <property name="java.version" value="1.8.0_171"/>
    <property name="user.dir" value="G:\Java\Java_code\12：SSM\ssm_parent\xupt_service"/>
    <property name="os.arch" value="amd64"/>
    <property name="java.vm.specification.name" value="Java Virtual Machine Specification"/>
    <property name="java.awt.printerjob" value="sun.awt.windows.WPrinterJob"/>
    <property name="sun.os.patch.level" value=""/>
    <property name="java.library.path" value="C:\Program Files\Java\jdk1.8.0_171\jre\bin;C:\WINDOWS\Sun\Java\bin;C:\WINDOWS\system32;C:\WINDOWS;D:\mysql\mysql-5.7.16-winx64\bin;C:\Program Files (x86)\Common Files\Oracle\Java\javapath;%JAVA_HOME%\bin;D:\Java\Maven\apache-maven-3.6.0\bin;C:\WINDOWS\system32;C:\WINDOWS;C:\WINDOWS\System32\Wbem;C:\WINDOWS\System32\WindowsPowerShell\v1.0\;C:\Program Files\dotnet\;C:\WINDOWS\System32\OpenSSH\;D:\Java\git and maven\Git\cmd;C:\Users\a&apos;su&apos;s\AppData\Local\Microsoft\WindowsApps;."/>
    <property name="java.vm.info" value="mixed mode"/>
    <property name="java.vendor" value="Oracle Corporation"/>
    <property name="java.vm.version" value="25.171-b11"/>
    <property name="java.ext.dirs" value="C:\Program Files\Java\jdk1.8.0_171\jre\lib\ext;C:\WINDOWS\Sun\Java\lib\ext"/>
    <property name="sun.io.unicode.encoding" value="UnicodeLittle"/>
    <property name="java.class.version" value="52.0"/>
  </properties>
  <testcase name="shouldAnswerWithTrue" classname="com.xupt.AppTest" time="0"/>
</testsuite>